<?xml version="1.0" encoding="UTF-8"?>
<!-- Generated by org.testng.reporters.JUnitReportReporter -->
<testsuite ignored="0" hostname="MiPcJC" failures="0" tests="1" name="pruebang.SelTest" time="2.711" errors="0" timestamp="20 abr 2024 16:44:51 GMT" skipped="0">
  <testcase classname="pruebang.SelTest" name="test01" time="2.711"/>
</testsuite> <!-- pruebang.SelTest -->
