<?xml version="1.0" encoding="UTF-8"?>
<!-- Generated by org.testng.reporters.JUnitReportReporter -->
<testsuite ignored="0" hostname="MiPcJC" failures="0" tests="1" name="pruebang.SelTest" time="6.787" errors="0" timestamp="27 abr 2024 14:33:23 GMT" skipped="0">
  <testcase classname="pruebang.SelTest" name="test01" time="6.787"/>
</testsuite> <!-- pruebang.SelTest -->
